<?xml version="1.0" encoding="UTF-8"?>
<testng-results skipped="0" failed="0" total="1" passed="1">
  <reporter-output>
  </reporter-output>
  <suite name="Default suite" duration-ms="1934" started-at="2020-01-20T10:27:56Z" finished-at="2020-01-20T10:27:58Z">
    <groups>
    </groups>
    <test name="Default test" duration-ms="1934" started-at="2020-01-20T10:27:56Z" finished-at="2020-01-20T10:27:58Z">
      <class name="com.qa.tests.PostApiTest">
        <test-method status="PASS" signature="setUp()[pri:0, instance:com.qa.tests.PostApiTest@573f2bb1]" name="setUp" is-config="true" duration-ms="5" started-at="2020-01-20T15:57:56Z" finished-at="2020-01-20T15:57:56Z">
          <reporter-output>
          </reporter-output>
        </test-method> <!-- setUp -->
        <test-method status="PASS" signature="postMethodCallTest()[pri:0, instance:com.qa.tests.PostApiTest@573f2bb1]" name="postMethodCallTest" duration-ms="1897" started-at="2020-01-20T15:57:56Z" finished-at="2020-01-20T15:57:58Z">
          <reporter-output>
          </reporter-output>
        </test-method> <!-- postMethodCallTest -->
      </class> <!-- com.qa.tests.PostApiTest -->
    </test> <!-- Default test -->
  </suite> <!-- Default suite -->
</testng-results>
